<?xml version="1.0" encoding="UTF-8"?>
<testng-results ignored="0" total="1" passed="1" failed="0" skipped="0">
  <reporter-output>
    <line>
      <![CDATA[Username Entered]]>
    </line>
    <line>
      <![CDATA[Password Entered]]>
    </line>
    <line>
      <![CDATA[Loggedin sucessfully]]>
    </line>
    <line>
      <![CDATA[1st Product Added]]>
    </line>
    <line>
      <![CDATA[2nd Product Added]]>
    </line>
    <line>
      <![CDATA[3rd Product Added]]>
    </line>
    <line>
      <![CDATA[Cart button clicked]]>
    </line>
  </reporter-output>
  <suite started-at="2022-11-12T15:20:36 GST" name="Default Suite" finished-at="2022-11-12T15:20:41 GST" duration-ms="4490">
    <groups>
    </groups>
    <test started-at="2022-11-12T15:20:36 GST" name="Rise_SwagLabs" finished-at="2022-11-12T15:20:41 GST" duration-ms="4490">
      <class name="Testscripts.Login_Product_ADD">
        <test-method is-config="true" signature="Rise_Swag()[pri:0, instance:Testscripts.Login_Product_ADD@6cc7b4de]" started-at="2022-11-12T15:20:36 GST" name="Rise_Swag" finished-at="2022-11-12T15:20:40 GST" duration-ms="3640" status="PASS">
          <reporter-output>
          </reporter-output>
        </test-method> <!-- Rise_Swag -->
        <test-method signature="validLogin_Product_ADD([Ljava.lang.String;)[pri:1, instance:Testscripts.Login_Product_ADD@6cc7b4de]" started-at="2022-11-12T15:20:40 GST" name="validLogin_Product_ADD" data-provider="User_Login" finished-at="2022-11-12T15:20:41 GST" duration-ms="399" status="PASS">
          <params>
            <param index="0">
              <value>
                <![CDATA[[Ljava.lang.String;@cda4919]]>
              </value>
            </param>
          </params>
          <reporter-output>
            <line>
              <![CDATA[Username Entered]]>
            </line>
            <line>
              <![CDATA[Password Entered]]>
            </line>
            <line>
              <![CDATA[Loggedin sucessfully]]>
            </line>
            <line>
              <![CDATA[1st Product Added]]>
            </line>
            <line>
              <![CDATA[2nd Product Added]]>
            </line>
            <line>
              <![CDATA[3rd Product Added]]>
            </line>
            <line>
              <![CDATA[Cart button clicked]]>
            </line>
          </reporter-output>
        </test-method> <!-- validLogin_Product_ADD -->
      </class> <!-- Testscripts.Login_Product_ADD -->
    </test> <!-- Rise_SwagLabs -->
  </suite> <!-- Default Suite -->
</testng-results>
